0 info it worked if it ends with ok
1 verbose cli [
1 verbose cli   '/usr/local/bin/node',
1 verbose cli   '/usr/local/bin/npm',
1 verbose cli   'install',
1 verbose cli   '--ignore-scripts',
1 verbose cli   '@types/express@ts3.6',
1 verbose cli   '@types/sqlite3@ts3.6',
1 verbose cli   '@types/abbrev@ts3.6',
1 verbose cli   '@types/accepts@ts3.6',
1 verbose cli   '@types/are-we-there-yet@ts3.6',
1 verbose cli   '@types/balanced-match@ts3.6',
1 verbose cli   '@types/body-parser@ts3.6',
1 verbose cli   '@types/brace-expansion@ts3.6',
1 verbose cli   '@types/bytes@ts3.6',
1 verbose cli   '@types/cacache@ts3.6',
1 verbose cli   '@types/call-bind@ts3.6',
1 verbose cli   '@types/chownr@ts3.6',
1 verbose cli   '@types/color-support@ts3.6',
1 verbose cli   '@types/concat-map@ts3.6',
1 verbose cli   '@types/content-disposition@ts3.6',
1 verbose cli   '@types/content-type@ts3.6',
1 verbose cli   '@types/cookie@ts3.6',
1 verbose cli   '@types/cookie-signature@ts3.6',
1 verbose cli   '@types/debug@ts3.6',
1 verbose cli   '@types/delegates@ts3.6',
1 verbose cli   '@types/depd@ts3.6',
1 verbose cli   '@types/destroy@ts3.6',
1 verbose cli   '@types/detect-libc@ts3.6',
1 verbose cli   '@types/ee-first@ts3.6',
1 verbose cli   '@types/encodeurl@ts3.6',
1 verbose cli   '@types/escape-html@ts3.6',
1 verbose cli   '@types/etag@ts3.6',
1 verbose cli   '@types/finalhandler@ts3.6',
1 verbose cli   '@types/forwarded@ts3.6',
1 verbose cli   '@types/fresh@ts3.6',
1 verbose cli   '@types/function-bind@ts3.6',
1 verbose cli   '@types/get-intrinsic@ts3.6',
1 verbose cli   '@types/glob@ts3.6',
1 verbose cli   '@types/graceful-fs@ts3.6',
1 verbose cli   '@types/has@ts3.6',
1 verbose cli   '@types/has-symbols@ts3.6',
1 verbose cli   '@types/http-cache-semantics@ts3.6',
1 verbose cli   '@types/http-errors@ts3.6',
1 verbose cli   '@types/humanize-ms@ts3.6',
1 verbose cli   '@types/imurmurhash@ts3.6',
1 verbose cli   '@types/inherits@ts3.6',
1 verbose cli   '@types/ip@ts3.6',
1 verbose cli   '@types/isexe@ts3.6',
1 verbose cli   '@types/make-fetch-happen@ts3.6',
1 verbose cli   '@types/media-typer@ts3.6',
1 verbose cli   '@types/merge-descriptors@ts3.6',
1 verbose cli   '@types/methods@ts3.6',
1 verbose cli   '@types/mime@ts3.6',
1 verbose cli   '@types/mime-db@ts3.6',
1 verbose cli   '@types/mime-types@ts3.6',
1 verbose cli   '@types/minimatch@ts3.6',
1 verbose cli   '@types/minipass@ts3.6',
1 verbose cli   '@types/minizlib@ts3.6',
1 verbose cli   '@types/mkdirp@ts3.6',
1 verbose cli   '@types/ms@ts3.6',
1 verbose cli   '@types/negotiator@ts3.6',
1 verbose cli   '@types/nopt@ts3.6',
1 verbose cli   '@types/npmlog@ts3.6',
1 verbose cli   '@types/object-assign@ts3.6',
1 verbose cli   '@types/object-inspect@ts3.6',
1 verbose cli   '@types/on-finished@ts3.6',
1 verbose cli   '@types/once@ts3.6',
1 verbose cli   '@types/parseurl@ts3.6',
1 verbose cli   '@types/path-is-absolute@ts3.6',
1 verbose cli   '@types/promise-inflight@ts3.6',
1 verbose cli   '@types/promise-retry@ts3.6',
1 verbose cli   '@types/proxy-addr@ts3.6',
1 verbose cli   '@types/qs@ts3.6',
1 verbose cli   '@types/range-parser@ts3.6',
1 verbose cli   '@types/readable-stream@ts3.6',
1 verbose cli   '@types/retry@ts3.6',
1 verbose cli   '@types/rimraf@ts3.6',
1 verbose cli   '@types/safer-buffer@ts3.6',
1 verbose cli   '@types/semver@ts3.6',
1 verbose cli   '@types/send@ts3.6',
1 verbose cli   '@types/serve-static@ts3.6',
1 verbose cli   '@types/signal-exit@ts3.6',
1 verbose cli   '@types/ssri@ts3.6',
1 verbose cli   '@types/statuses@ts3.6',
1 verbose cli   '@types/tar@ts3.6',
1 verbose cli   '@types/type-is@ts3.6',
1 verbose cli   '@types/util-deprecate@ts3.6',
1 verbose cli   '@types/utils-merge@ts3.6',
1 verbose cli   '@types/vary@ts3.6',
1 verbose cli   '@types/webidl-conversions@ts3.6',
1 verbose cli   '@types/whatwg-url@ts3.6',
1 verbose cli   '@types/which@ts3.6',
1 verbose cli   '@types/yallist@ts3.6',
1 verbose cli   '--save-dev',
1 verbose cli   '--user-agent=typesInstaller/3.6.3'
1 verbose cli ]
2 info using npm@6.14.6
3 info using node@v12.18.3
4 verbose npm-session 86594a84f61f98b7
5 silly install loadCurrentTree
6 silly install readLocalPackageData
7 http fetch GET 304 https://registry.npmjs.org/@types%2fexpress 1626ms (from cache)
8 silly pacote tag manifest for @types/express@ts3.6 fetched in 1634ms
9 http fetch GET 304 https://registry.npmjs.org/@types%2fbalanced-match 1636ms (from cache)
10 silly pacote tag manifest for @types/balanced-match@ts3.6 fetched in 1638ms
11 http fetch GET 304 https://registry.npmjs.org/@types%2fbrace-expansion 1676ms (from cache)
12 silly pacote tag manifest for @types/brace-expansion@ts3.6 fetched in 1680ms
13 http fetch GET 304 https://registry.npmjs.org/@types%2faccepts 1687ms (from cache)
14 silly pacote tag manifest for @types/accepts@ts3.6 fetched in 1691ms
15 http fetch GET 304 https://registry.npmjs.org/@types%2fbytes 1703ms (from cache)
16 silly pacote tag manifest for @types/bytes@ts3.6 fetched in 1706ms
17 http fetch GET 304 https://registry.npmjs.org/@types%2fcacache 1768ms (from cache)
18 silly pacote tag manifest for @types/cacache@ts3.6 fetched in 1769ms
19 http fetch GET 304 https://registry.npmjs.org/@types%2fbody-parser 1783ms (from cache)
20 silly pacote tag manifest for @types/body-parser@ts3.6 fetched in 1785ms
21 http fetch GET 304 https://registry.npmjs.org/@types%2fabbrev 1909ms (from cache)
22 silly pacote tag manifest for @types/abbrev@ts3.6 fetched in 1910ms
23 http fetch GET 200 https://registry.npmjs.org/@types%2fcall-bind 498ms
24 silly fetchPackageMetaData error for @types/call-bind@ts3.6 No matching version found for @types/call-bind@ts3.6.
25 http fetch GET 304 https://registry.npmjs.org/@types%2fchownr 490ms (from cache)
26 silly pacote tag manifest for @types/chownr@ts3.6 fetched in 493ms
27 http fetch GET 304 https://registry.npmjs.org/@types%2fconcat-map 525ms (from cache)
28 silly pacote tag manifest for @types/concat-map@ts3.6 fetched in 528ms
29 http fetch GET 304 https://registry.npmjs.org/@types%2fcontent-disposition 554ms (from cache)
30 silly pacote tag manifest for @types/content-disposition@ts3.6 fetched in 556ms
31 http fetch GET 304 https://registry.npmjs.org/@types%2fcontent-type 536ms (from cache)
32 silly pacote tag manifest for @types/content-type@ts3.6 fetched in 539ms
33 http fetch GET 304 https://registry.npmjs.org/@types%2fcookie-signature 505ms (from cache)
34 silly pacote tag manifest for @types/cookie-signature@ts3.6 fetched in 507ms
35 http fetch GET 304 https://registry.npmjs.org/@types%2fcookie 649ms (from cache)
36 silly pacote tag manifest for @types/cookie@ts3.6 fetched in 650ms
37 http fetch GET 304 https://registry.npmjs.org/@types%2fdebug 365ms (from cache)
38 silly pacote tag manifest for @types/debug@ts3.6 fetched in 369ms
39 http fetch GET 304 https://registry.npmjs.org/@types%2fdepd 307ms (from cache)
40 silly pacote tag manifest for @types/depd@ts3.6 fetched in 309ms
41 http fetch GET 304 https://registry.npmjs.org/@types%2fdestroy 303ms (from cache)
42 silly pacote tag manifest for @types/destroy@ts3.6 fetched in 304ms
43 http fetch GET 304 https://registry.npmjs.org/@types%2fee-first 318ms (from cache)
44 silly pacote tag manifest for @types/ee-first@ts3.6 fetched in 321ms
45 http fetch GET 304 https://registry.npmjs.org/@types%2fencodeurl 338ms (from cache)
46 silly pacote tag manifest for @types/encodeurl@ts3.6 fetched in 340ms
47 http fetch GET 304 https://registry.npmjs.org/@types%2fescape-html 331ms (from cache)
48 http fetch GET 304 https://registry.npmjs.org/@types%2fetag 301ms (from cache)
49 silly pacote tag manifest for @types/escape-html@ts3.6 fetched in 333ms
50 silly pacote tag manifest for @types/etag@ts3.6 fetched in 304ms
51 http fetch GET 304 https://registry.npmjs.org/@types%2ffinalhandler 294ms (from cache)
52 silly pacote tag manifest for @types/finalhandler@ts3.6 fetched in 296ms
53 http fetch GET 304 https://registry.npmjs.org/@types%2fforwarded 293ms (from cache)
54 silly pacote tag manifest for @types/forwarded@ts3.6 fetched in 295ms
55 http fetch GET 304 https://registry.npmjs.org/@types%2ffresh 254ms (from cache)
56 silly pacote tag manifest for @types/fresh@ts3.6 fetched in 257ms
57 http fetch GET 304 https://registry.npmjs.org/@types%2ffunction-bind 268ms (from cache)
58 silly pacote tag manifest for @types/function-bind@ts3.6 fetched in 271ms
59 http fetch GET 200 https://registry.npmjs.org/@types%2fget-intrinsic 281ms
60 silly fetchPackageMetaData error for @types/get-intrinsic@ts3.6 No matching version found for @types/get-intrinsic@ts3.6.
61 http fetch GET 304 https://registry.npmjs.org/@types%2fsqlite3 3192ms (from cache)
62 silly pacote tag manifest for @types/sqlite3@ts3.6 fetched in 3195ms
63 http fetch GET 304 https://registry.npmjs.org/@types%2fglob 487ms (from cache)
64 silly pacote tag manifest for @types/glob@ts3.6 fetched in 491ms
65 http fetch GET 304 https://registry.npmjs.org/@types%2fgraceful-fs 385ms (from cache)
66 http fetch GET 304 https://registry.npmjs.org/@types%2fare-we-there-yet 3420ms (from cache)
67 silly pacote tag manifest for @types/graceful-fs@ts3.6 fetched in 388ms
68 silly pacote tag manifest for @types/are-we-there-yet@ts3.6 fetched in 3423ms
69 http fetch GET 304 https://registry.npmjs.org/@types%2fhas 418ms (from cache)
70 silly pacote tag manifest for @types/has@ts3.6 fetched in 420ms
71 http fetch GET 304 https://registry.npmjs.org/@types%2fhas-symbols 551ms (from cache)
72 silly pacote tag manifest for @types/has-symbols@ts3.6 fetched in 554ms
73 http fetch GET 304 https://registry.npmjs.org/@types%2fhttp-errors 648ms (from cache)
74 silly pacote tag manifest for @types/http-errors@ts3.6 fetched in 651ms
75 http fetch GET 304 https://registry.npmjs.org/@types%2fhttp-cache-semantics 802ms (from cache)
76 silly pacote tag manifest for @types/http-cache-semantics@ts3.6 fetched in 804ms
77 http fetch GET 304 https://registry.npmjs.org/@types%2fimurmurhash 618ms (from cache)
78 silly pacote tag manifest for @types/imurmurhash@ts3.6 fetched in 621ms
79 http fetch GET 304 https://registry.npmjs.org/@types%2finherits 647ms (from cache)
80 silly pacote tag manifest for @types/inherits@ts3.6 fetched in 650ms
81 http fetch GET 304 https://registry.npmjs.org/@types%2fcolor-support 2470ms (from cache)
82 silly pacote tag manifest for @types/color-support@ts3.6 fetched in 2473ms
83 http fetch GET 304 https://registry.npmjs.org/@types%2fip 792ms (from cache)
84 silly pacote tag manifest for @types/ip@ts3.6 fetched in 795ms
85 http fetch GET 304 https://registry.npmjs.org/@types%2fisexe 647ms (from cache)
86 silly pacote tag manifest for @types/isexe@ts3.6 fetched in 649ms
87 http fetch GET 304 https://registry.npmjs.org/@types%2fdelegates 2258ms (from cache)
88 silly registry:manifest no matching version for @types/delegates@ts3.6 in the cache. Forcing revalidation.
89 http fetch GET 304 https://registry.npmjs.org/@types%2fmedia-typer 537ms (from cache)
90 silly pacote tag manifest for @types/media-typer@ts3.6 fetched in 539ms
91 http fetch GET 304 https://registry.npmjs.org/@types%2fmerge-descriptors 468ms (from cache)
92 silly pacote tag manifest for @types/merge-descriptors@ts3.6 fetched in 470ms
93 http fetch GET 304 https://registry.npmjs.org/@types%2fdetect-libc 2224ms (from cache)
94 silly pacote tag manifest for @types/detect-libc@ts3.6 fetched in 2226ms
95 http fetch GET 304 https://registry.npmjs.org/@types%2fmethods 481ms (from cache)
96 http fetch GET 304 https://registry.npmjs.org/@types%2fmime 396ms (from cache)
97 silly pacote tag manifest for @types/methods@ts3.6 fetched in 484ms
98 silly pacote tag manifest for @types/mime@ts3.6 fetched in 399ms
99 http fetch GET 304 https://registry.npmjs.org/@types%2fmime-db 335ms (from cache)
100 silly pacote tag manifest for @types/mime-db@ts3.6 fetched in 339ms
101 http fetch GET 304 https://registry.npmjs.org/@types%2fmime-types 434ms (from cache)
102 silly pacote tag manifest for @types/mime-types@ts3.6 fetched in 437ms
103 http fetch GET 304 https://registry.npmjs.org/@types%2fminipass 381ms (from cache)
104 silly pacote tag manifest for @types/minipass@ts3.6 fetched in 385ms
105 http fetch GET 304 https://registry.npmjs.org/@types%2fminimatch 454ms (from cache)
106 http fetch GET 304 https://registry.npmjs.org/@types%2fminizlib 375ms (from cache)
107 silly pacote tag manifest for @types/minimatch@ts3.6 fetched in 456ms
108 silly pacote tag manifest for @types/minizlib@ts3.6 fetched in 377ms
109 http fetch GET 304 https://registry.npmjs.org/@types%2fmkdirp 369ms (from cache)
110 silly pacote tag manifest for @types/mkdirp@ts3.6 fetched in 370ms
111 http fetch GET 304 https://registry.npmjs.org/@types%2fms 382ms (from cache)
112 silly pacote tag manifest for @types/ms@ts3.6 fetched in 383ms
113 http fetch GET 304 https://registry.npmjs.org/@types%2fnegotiator 444ms (from cache)
114 silly pacote tag manifest for @types/negotiator@ts3.6 fetched in 445ms
115 http fetch GET 304 https://registry.npmjs.org/@types%2fnopt 352ms (from cache)
116 silly pacote tag manifest for @types/nopt@ts3.6 fetched in 354ms
117 http fetch GET 304 https://registry.npmjs.org/@types%2fobject-assign 460ms (from cache)
118 silly pacote tag manifest for @types/object-assign@ts3.6 fetched in 462ms
119 http fetch GET 304 https://registry.npmjs.org/@types%2fnpmlog 537ms (from cache)
120 silly pacote tag manifest for @types/npmlog@ts3.6 fetched in 541ms
121 http fetch GET 304 https://registry.npmjs.org/@types%2fon-finished 631ms (from cache)
122 http fetch GET 304 https://registry.npmjs.org/@types%2fobject-inspect 642ms (from cache)
123 silly pacote tag manifest for @types/on-finished@ts3.6 fetched in 635ms
124 silly pacote tag manifest for @types/object-inspect@ts3.6 fetched in 645ms
125 http fetch GET 304 https://registry.npmjs.org/@types%2fpath-is-absolute 510ms (from cache)
126 http fetch GET 304 https://registry.npmjs.org/@types%2fonce 668ms (from cache)
127 silly pacote tag manifest for @types/once@ts3.6 fetched in 677ms
128 silly pacote tag manifest for @types/path-is-absolute@ts3.6 fetched in 521ms
129 http fetch GET 304 https://registry.npmjs.org/@types%2fparseurl 587ms (from cache)
130 silly pacote tag manifest for @types/parseurl@ts3.6 fetched in 591ms
131 http fetch GET 304 https://registry.npmjs.org/@types%2fhumanize-ms 2282ms (from cache)
132 silly pacote tag manifest for @types/humanize-ms@ts3.6 fetched in 2289ms
133 http fetch GET 304 https://registry.npmjs.org/@types%2fpromise-inflight 928ms (from cache)
134 silly pacote tag manifest for @types/promise-inflight@ts3.6 fetched in 930ms
135 http fetch GET 304 https://registry.npmjs.org/@types%2fmake-fetch-happen 2815ms (from cache)
136 silly pacote tag manifest for @types/make-fetch-happen@ts3.6 fetched in 2817ms
137 http fetch GET 200 https://registry.npmjs.org/@types%2fdelegates 2805ms
138 silly fetchPackageMetaData error for @types/delegates@ts3.6 No matching version found for @types/delegates@ts3.6.
139 http fetch GET 304 https://registry.npmjs.org/@types%2fqs 2523ms (from cache)
140 http fetch GET 304 https://registry.npmjs.org/@types%2freadable-stream 2467ms (from cache)
141 silly pacote tag manifest for @types/qs@ts3.6 fetched in 2525ms
142 silly pacote tag manifest for @types/readable-stream@ts3.6 fetched in 2469ms
143 http fetch GET 304 https://registry.npmjs.org/@types%2fpromise-retry 2750ms (from cache)
144 silly pacote tag manifest for @types/promise-retry@ts3.6 fetched in 2752ms
145 http fetch GET 304 https://registry.npmjs.org/@types%2fsafer-buffer 1999ms (from cache)
146 silly pacote tag manifest for @types/safer-buffer@ts3.6 fetched in 2001ms
147 http fetch GET 304 https://registry.npmjs.org/@types%2frange-parser 2774ms (from cache)
148 silly pacote tag manifest for @types/range-parser@ts3.6 fetched in 2777ms
149 http fetch GET 304 https://registry.npmjs.org/@types%2fproxy-addr 2862ms (from cache)
150 silly pacote tag manifest for @types/proxy-addr@ts3.6 fetched in 2864ms
151 http fetch GET 304 https://registry.npmjs.org/@types%2fsemver 1836ms (from cache)
152 silly pacote tag manifest for @types/semver@ts3.6 fetched in 1837ms
153 http fetch GET 304 https://registry.npmjs.org/@types%2fretry 2983ms (from cache)
154 silly pacote tag manifest for @types/retry@ts3.6 fetched in 2984ms
155 http fetch GET 304 https://registry.npmjs.org/@types%2frimraf 3707ms (from cache)
156 silly pacote tag manifest for @types/rimraf@ts3.6 fetched in 3708ms
157 http fetch GET 304 https://registry.npmjs.org/@types%2fsend 2227ms (from cache)
158 silly pacote tag manifest for @types/send@ts3.6 fetched in 2230ms
159 http fetch GET 304 https://registry.npmjs.org/@types%2fserve-static 1422ms (from cache)
160 silly pacote tag manifest for @types/serve-static@ts3.6 fetched in 1424ms
161 http fetch GET 304 https://registry.npmjs.org/@types%2fssri 1356ms (from cache)
162 http fetch GET 304 https://registry.npmjs.org/@types%2fsignal-exit 1461ms (from cache)
163 silly pacote tag manifest for @types/ssri@ts3.6 fetched in 1358ms
164 silly pacote tag manifest for @types/signal-exit@ts3.6 fetched in 1463ms
165 http fetch GET 304 https://registry.npmjs.org/@types%2fstatuses 1309ms (from cache)
166 http fetch GET 304 https://registry.npmjs.org/@types%2ftar 1223ms (from cache)
167 silly pacote tag manifest for @types/statuses@ts3.6 fetched in 1311ms
168 silly pacote tag manifest for @types/tar@ts3.6 fetched in 1225ms
169 http fetch GET 304 https://registry.npmjs.org/@types%2ftype-is 1308ms (from cache)
170 http fetch GET 304 https://registry.npmjs.org/@types%2futil-deprecate 1234ms (from cache)
171 silly pacote tag manifest for @types/type-is@ts3.6 fetched in 1310ms
172 silly pacote tag manifest for @types/util-deprecate@ts3.6 fetched in 1236ms
173 http fetch GET 304 https://registry.npmjs.org/@types%2futils-merge 1184ms (from cache)
174 silly pacote tag manifest for @types/utils-merge@ts3.6 fetched in 1187ms
175 http fetch GET 304 https://registry.npmjs.org/@types%2fvary 706ms (from cache)
176 silly pacote tag manifest for @types/vary@ts3.6 fetched in 708ms
177 http fetch GET 304 https://registry.npmjs.org/@types%2fwebidl-conversions 712ms (from cache)
178 silly pacote tag manifest for @types/webidl-conversions@ts3.6 fetched in 716ms
179 http fetch GET 304 https://registry.npmjs.org/@types%2fwhatwg-url 734ms (from cache)
180 silly pacote tag manifest for @types/whatwg-url@ts3.6 fetched in 736ms
181 http fetch GET 304 https://registry.npmjs.org/@types%2fwhich 754ms (from cache)
182 silly pacote tag manifest for @types/which@ts3.6 fetched in 755ms
183 http fetch GET 304 https://registry.npmjs.org/@types%2fyallist 818ms (from cache)
184 silly pacote tag manifest for @types/yallist@ts3.6 fetched in 820ms
185 timing stage:rollbackFailedOptional Completed in 0ms
186 timing stage:runTopLevelLifecycles Completed in 10547ms
187 verbose type tag
188 verbose stack @types/call-bind: No matching version found for @types/call-bind@ts3.6.
188 verbose stack     at pickManifest (/usr/local/lib/node_modules/npm/node_modules/npm-pick-manifest/index.js:122:13)
188 verbose stack     at /usr/local/lib/node_modules/npm/node_modules/pacote/lib/fetchers/registry/manifest.js:24:14
188 verbose stack     at tryCatcher (/usr/local/lib/node_modules/npm/node_modules/bluebird/js/release/util.js:16:23)
188 verbose stack     at Promise._settlePromiseFromHandler (/usr/local/lib/node_modules/npm/node_modules/bluebird/js/release/promise.js:517:31)
188 verbose stack     at Promise._settlePromise (/usr/local/lib/node_modules/npm/node_modules/bluebird/js/release/promise.js:574:18)
188 verbose stack     at Promise._settlePromise0 (/usr/local/lib/node_modules/npm/node_modules/bluebird/js/release/promise.js:619:10)
188 verbose stack     at Promise._settlePromises (/usr/local/lib/node_modules/npm/node_modules/bluebird/js/release/promise.js:699:18)
188 verbose stack     at _drainQueueStep (/usr/local/lib/node_modules/npm/node_modules/bluebird/js/release/async.js:138:12)
188 verbose stack     at _drainQueue (/usr/local/lib/node_modules/npm/node_modules/bluebird/js/release/async.js:131:9)
188 verbose stack     at Async._drainQueues (/usr/local/lib/node_modules/npm/node_modules/bluebird/js/release/async.js:147:5)
188 verbose stack     at Immediate.Async.drainQueues [as _onImmediate] (/usr/local/lib/node_modules/npm/node_modules/bluebird/js/release/async.js:17:14)
188 verbose stack     at processImmediate (internal/timers.js:456:21)
189 verbose cwd /home/theia/.cache/typescript/3.6
190 verbose Linux 5.10.16.3-microsoft-standard-WSL2
191 verbose argv "/usr/local/bin/node" "/usr/local/bin/npm" "install" "--ignore-scripts" "@types/express@ts3.6" "@types/sqlite3@ts3.6" "@types/abbrev@ts3.6" "@types/accepts@ts3.6" "@types/are-we-there-yet@ts3.6" "@types/balanced-match@ts3.6" "@types/body-parser@ts3.6" "@types/brace-expansion@ts3.6" "@types/bytes@ts3.6" "@types/cacache@ts3.6" "@types/call-bind@ts3.6" "@types/chownr@ts3.6" "@types/color-support@ts3.6" "@types/concat-map@ts3.6" "@types/content-disposition@ts3.6" "@types/content-type@ts3.6" "@types/cookie@ts3.6" "@types/cookie-signature@ts3.6" "@types/debug@ts3.6" "@types/delegates@ts3.6" "@types/depd@ts3.6" "@types/destroy@ts3.6" "@types/detect-libc@ts3.6" "@types/ee-first@ts3.6" "@types/encodeurl@ts3.6" "@types/escape-html@ts3.6" "@types/etag@ts3.6" "@types/finalhandler@ts3.6" "@types/forwarded@ts3.6" "@types/fresh@ts3.6" "@types/function-bind@ts3.6" "@types/get-intrinsic@ts3.6" "@types/glob@ts3.6" "@types/graceful-fs@ts3.6" "@types/has@ts3.6" "@types/has-symbols@ts3.6" "@types/http-cache-semantics@ts3.6" "@types/http-errors@ts3.6" "@types/humanize-ms@ts3.6" "@types/imurmurhash@ts3.6" "@types/inherits@ts3.6" "@types/ip@ts3.6" "@types/isexe@ts3.6" "@types/make-fetch-happen@ts3.6" "@types/media-typer@ts3.6" "@types/merge-descriptors@ts3.6" "@types/methods@ts3.6" "@types/mime@ts3.6" "@types/mime-db@ts3.6" "@types/mime-types@ts3.6" "@types/minimatch@ts3.6" "@types/minipass@ts3.6" "@types/minizlib@ts3.6" "@types/mkdirp@ts3.6" "@types/ms@ts3.6" "@types/negotiator@ts3.6" "@types/nopt@ts3.6" "@types/npmlog@ts3.6" "@types/object-assign@ts3.6" "@types/object-inspect@ts3.6" "@types/on-finished@ts3.6" "@types/once@ts3.6" "@types/parseurl@ts3.6" "@types/path-is-absolute@ts3.6" "@types/promise-inflight@ts3.6" "@types/promise-retry@ts3.6" "@types/proxy-addr@ts3.6" "@types/qs@ts3.6" "@types/range-parser@ts3.6" "@types/readable-stream@ts3.6" "@types/retry@ts3.6" "@types/rimraf@ts3.6" "@types/safer-buffer@ts3.6" "@types/semver@ts3.6" "@types/send@ts3.6" "@types/serve-static@ts3.6" "@types/signal-exit@ts3.6" "@types/ssri@ts3.6" "@types/statuses@ts3.6" "@types/tar@ts3.6" "@types/type-is@ts3.6" "@types/util-deprecate@ts3.6" "@types/utils-merge@ts3.6" "@types/vary@ts3.6" "@types/webidl-conversions@ts3.6" "@types/whatwg-url@ts3.6" "@types/which@ts3.6" "@types/yallist@ts3.6" "--save-dev" "--user-agent=typesInstaller/3.6.3"
192 verbose node v12.18.3
193 verbose npm  v6.14.6
194 error code ETARGET
195 error notarget No matching version found for @types/call-bind@ts3.6.
196 error notarget In most cases you or one of your dependencies are requesting
196 error notarget a package version that doesn't exist.
197 verbose exit [ 1, true ]
