0 info it worked if it ends with ok
1 verbose cli [
1 verbose cli   '/usr/local/bin/node',
1 verbose cli   '/usr/local/bin/npm',
1 verbose cli   'install',
1 verbose cli   '--ignore-scripts',
1 verbose cli   '@types/express@ts3.6',
1 verbose cli   '@types/accepts@ts3.6',
1 verbose cli   '@types/body-parser@ts3.6',
1 verbose cli   '@types/bytes@ts3.6',
1 verbose cli   '@types/call-bind@ts3.6',
1 verbose cli   '@types/content-disposition@ts3.6',
1 verbose cli   '@types/content-type@ts3.6',
1 verbose cli   '@types/cookie@ts3.6',
1 verbose cli   '@types/cookie-signature@ts3.6',
1 verbose cli   '@types/debug@ts3.6',
1 verbose cli   '@types/depd@ts3.6',
1 verbose cli   '@types/destroy@ts3.6',
1 verbose cli   '@types/ee-first@ts3.6',
1 verbose cli   '@types/encodeurl@ts3.6',
1 verbose cli   '@types/escape-html@ts3.6',
1 verbose cli   '@types/etag@ts3.6',
1 verbose cli   '@types/finalhandler@ts3.6',
1 verbose cli   '@types/forwarded@ts3.6',
1 verbose cli   '@types/fresh@ts3.6',
1 verbose cli   '@types/function-bind@ts3.6',
1 verbose cli   '@types/get-intrinsic@ts3.6',
1 verbose cli   '@types/has@ts3.6',
1 verbose cli   '@types/has-symbols@ts3.6',
1 verbose cli   '@types/http-errors@ts3.6',
1 verbose cli   '@types/inherits@ts3.6',
1 verbose cli   '@types/media-typer@ts3.6',
1 verbose cli   '@types/merge-descriptors@ts3.6',
1 verbose cli   '@types/methods@ts3.6',
1 verbose cli   '@types/mime@ts3.6',
1 verbose cli   '@types/mime-db@ts3.6',
1 verbose cli   '@types/mime-types@ts3.6',
1 verbose cli   '@types/ms@ts3.6',
1 verbose cli   '@types/negotiator@ts3.6',
1 verbose cli   '@types/object-inspect@ts3.6',
1 verbose cli   '@types/on-finished@ts3.6',
1 verbose cli   '@types/parseurl@ts3.6',
1 verbose cli   '@types/proxy-addr@ts3.6',
1 verbose cli   '@types/qs@ts3.6',
1 verbose cli   '@types/range-parser@ts3.6',
1 verbose cli   '@types/safer-buffer@ts3.6',
1 verbose cli   '@types/send@ts3.6',
1 verbose cli   '@types/serve-static@ts3.6',
1 verbose cli   '@types/statuses@ts3.6',
1 verbose cli   '@types/type-is@ts3.6',
1 verbose cli   '@types/utils-merge@ts3.6',
1 verbose cli   '@types/vary@ts3.6',
1 verbose cli   '--save-dev',
1 verbose cli   '--user-agent=typesInstaller/3.6.3'
1 verbose cli ]
2 info using npm@6.14.6
3 info using node@v12.18.3
4 verbose npm-session a4a0336965510fff
5 silly install loadCurrentTree
6 silly install readLocalPackageData
7 http fetch GET 304 https://registry.npmjs.org/@types%2faccepts 2598ms (from cache)
8 http fetch GET 304 https://registry.npmjs.org/@types%2fbytes 2597ms (from cache)
9 silly pacote tag manifest for @types/accepts@ts3.6 fetched in 2604ms
10 silly pacote tag manifest for @types/bytes@ts3.6 fetched in 2605ms
11 http fetch GET 304 https://registry.npmjs.org/@types%2fexpress 2622ms (from cache)
12 silly pacote tag manifest for @types/express@ts3.6 fetched in 2631ms
13 http fetch GET 304 https://registry.npmjs.org/@types%2fcookie-signature 2621ms (from cache)
14 silly pacote tag manifest for @types/cookie-signature@ts3.6 fetched in 2624ms
15 http fetch GET 304 https://registry.npmjs.org/@types%2fbody-parser 2630ms (from cache)
16 http fetch GET 304 https://registry.npmjs.org/@types%2fcontent-type 2628ms (from cache)
17 silly pacote tag manifest for @types/body-parser@ts3.6 fetched in 2633ms
18 silly pacote tag manifest for @types/content-type@ts3.6 fetched in 2631ms
19 http fetch GET 304 https://registry.npmjs.org/@types%2fcontent-disposition 2635ms (from cache)
20 silly pacote tag manifest for @types/content-disposition@ts3.6 fetched in 2636ms
21 http fetch GET 304 https://registry.npmjs.org/@types%2fcookie 2657ms (from cache)
22 silly pacote tag manifest for @types/cookie@ts3.6 fetched in 2659ms
23 http fetch GET 304 https://registry.npmjs.org/@types%2fdebug 2708ms (from cache)
24 silly pacote tag manifest for @types/debug@ts3.6 fetched in 2711ms
25 http fetch GET 304 https://registry.npmjs.org/@types%2fcall-bind 3079ms (from cache)
26 silly registry:manifest no matching version for @types/call-bind@ts3.6 in the cache. Forcing revalidation.
27 http fetch GET 304 https://registry.npmjs.org/@types%2fdepd 677ms (from cache)
28 silly pacote tag manifest for @types/depd@ts3.6 fetched in 679ms
29 http fetch GET 304 https://registry.npmjs.org/@types%2fdestroy 799ms (from cache)
30 silly pacote tag manifest for @types/destroy@ts3.6 fetched in 800ms
31 http fetch GET 304 https://registry.npmjs.org/@types%2fee-first 857ms (from cache)
32 silly pacote tag manifest for @types/ee-first@ts3.6 fetched in 860ms
33 http fetch GET 304 https://registry.npmjs.org/@types%2fetag 885ms (from cache)
34 silly pacote tag manifest for @types/etag@ts3.6 fetched in 887ms
35 http fetch GET 304 https://registry.npmjs.org/@types%2fencodeurl 893ms (from cache)
36 http fetch GET 304 https://registry.npmjs.org/@types%2ffinalhandler 884ms (from cache)
37 silly pacote tag manifest for @types/encodeurl@ts3.6 fetched in 895ms
38 silly pacote tag manifest for @types/finalhandler@ts3.6 fetched in 887ms
39 http fetch GET 304 https://registry.npmjs.org/@types%2fescape-html 1062ms (from cache)
40 silly pacote tag manifest for @types/escape-html@ts3.6 fetched in 1065ms
41 http fetch GET 304 https://registry.npmjs.org/@types%2ffresh 1078ms (from cache)
42 silly pacote tag manifest for @types/fresh@ts3.6 fetched in 1081ms
43 http fetch GET 200 https://registry.npmjs.org/@types%2fcall-bind 1167ms
44 silly fetchPackageMetaData error for @types/call-bind@ts3.6 No matching version found for @types/call-bind@ts3.6.
45 http fetch GET 304 https://registry.npmjs.org/@types%2fhas 973ms (from cache)
46 http fetch GET 304 https://registry.npmjs.org/@types%2fget-intrinsic 1051ms (from cache)
47 silly registry:manifest no matching version for @types/get-intrinsic@ts3.6 in the cache. Forcing revalidation.
48 http fetch GET 304 https://registry.npmjs.org/@types%2fhas-symbols 938ms (from cache)
49 http fetch GET 304 https://registry.npmjs.org/@types%2finherits 933ms (from cache)
50 http fetch GET 304 https://registry.npmjs.org/@types%2fhttp-errors 936ms (from cache)
51 silly pacote tag manifest for @types/has@ts3.6 fetched in 979ms
52 silly pacote tag manifest for @types/inherits@ts3.6 fetched in 940ms
53 silly pacote tag manifest for @types/has-symbols@ts3.6 fetched in 948ms
54 silly pacote tag manifest for @types/http-errors@ts3.6 fetched in 946ms
55 http fetch GET 304 https://registry.npmjs.org/@types%2fmedia-typer 781ms (from cache)
56 silly pacote tag manifest for @types/media-typer@ts3.6 fetched in 783ms
57 http fetch GET 304 https://registry.npmjs.org/@types%2fmerge-descriptors 775ms (from cache)
58 silly pacote tag manifest for @types/merge-descriptors@ts3.6 fetched in 778ms
59 http fetch GET 304 https://registry.npmjs.org/@types%2ffunction-bind 1361ms (from cache)
60 silly pacote tag manifest for @types/function-bind@ts3.6 fetched in 1364ms
61 http fetch GET 304 https://registry.npmjs.org/@types%2fmethods 428ms (from cache)
62 silly pacote tag manifest for @types/methods@ts3.6 fetched in 429ms
63 http fetch GET 304 https://registry.npmjs.org/@types%2fforwarded 2225ms (from cache)
64 silly pacote tag manifest for @types/forwarded@ts3.6 fetched in 2228ms
65 http fetch GET 200 https://registry.npmjs.org/@types%2fget-intrinsic 872ms
66 silly fetchPackageMetaData error for @types/get-intrinsic@ts3.6 No matching version found for @types/get-intrinsic@ts3.6.
67 http fetch GET 304 https://registry.npmjs.org/@types%2fmime-db 871ms (from cache)
68 http fetch GET 304 https://registry.npmjs.org/@types%2fmime 876ms (from cache)
69 http fetch GET 304 https://registry.npmjs.org/@types%2fms 868ms (from cache)
70 silly pacote tag manifest for @types/mime-db@ts3.6 fetched in 873ms
71 silly pacote tag manifest for @types/mime@ts3.6 fetched in 878ms
72 silly pacote tag manifest for @types/ms@ts3.6 fetched in 871ms
73 http fetch GET 304 https://registry.npmjs.org/@types%2fnegotiator 1005ms (from cache)
74 silly pacote tag manifest for @types/negotiator@ts3.6 fetched in 1007ms
75 http fetch GET 304 https://registry.npmjs.org/@types%2fobject-inspect 933ms (from cache)
76 silly pacote tag manifest for @types/object-inspect@ts3.6 fetched in 935ms
77 http fetch GET 304 https://registry.npmjs.org/@types%2fon-finished 869ms (from cache)
78 silly pacote tag manifest for @types/on-finished@ts3.6 fetched in 870ms
79 http fetch GET 304 https://registry.npmjs.org/@types%2fparseurl 873ms (from cache)
80 silly pacote tag manifest for @types/parseurl@ts3.6 fetched in 874ms
81 http fetch GET 304 https://registry.npmjs.org/@types%2fproxy-addr 710ms (from cache)
82 silly pacote tag manifest for @types/proxy-addr@ts3.6 fetched in 712ms
83 http fetch GET 304 https://registry.npmjs.org/@types%2fqs 706ms (from cache)
84 silly pacote tag manifest for @types/qs@ts3.6 fetched in 709ms
85 http fetch GET 304 https://registry.npmjs.org/@types%2frange-parser 912ms (from cache)
86 http fetch GET 304 https://registry.npmjs.org/@types%2fsafer-buffer 913ms (from cache)
87 silly pacote tag manifest for @types/range-parser@ts3.6 fetched in 915ms
88 silly pacote tag manifest for @types/safer-buffer@ts3.6 fetched in 915ms
89 http fetch GET 304 https://registry.npmjs.org/@types%2fsend 927ms (from cache)
90 silly pacote tag manifest for @types/send@ts3.6 fetched in 929ms
91 http fetch GET 304 https://registry.npmjs.org/@types%2fserve-static 1072ms (from cache)
92 silly pacote tag manifest for @types/serve-static@ts3.6 fetched in 1074ms
93 http fetch GET 304 https://registry.npmjs.org/@types%2fstatuses 1117ms (from cache)
94 silly pacote tag manifest for @types/statuses@ts3.6 fetched in 1121ms
95 http fetch GET 304 https://registry.npmjs.org/@types%2ftype-is 1114ms (from cache)
96 silly pacote tag manifest for @types/type-is@ts3.6 fetched in 1116ms
97 http fetch GET 304 https://registry.npmjs.org/@types%2futils-merge 1091ms (from cache)
98 silly pacote tag manifest for @types/utils-merge@ts3.6 fetched in 1094ms
99 http fetch GET 304 https://registry.npmjs.org/@types%2fmime-types 2701ms (from cache)
100 silly pacote tag manifest for @types/mime-types@ts3.6 fetched in 2704ms
101 http fetch GET 304 https://registry.npmjs.org/@types%2fvary 2996ms (from cache)
102 silly pacote tag manifest for @types/vary@ts3.6 fetched in 2998ms
103 timing stage:rollbackFailedOptional Completed in 1ms
104 timing stage:runTopLevelLifecycles Completed in 8781ms
105 verbose type tag
106 verbose stack @types/call-bind: No matching version found for @types/call-bind@ts3.6.
106 verbose stack     at pickManifest (/usr/local/lib/node_modules/npm/node_modules/npm-pick-manifest/index.js:122:13)
106 verbose stack     at /usr/local/lib/node_modules/npm/node_modules/pacote/lib/fetchers/registry/manifest.js:43:18
106 verbose stack     at tryCatcher (/usr/local/lib/node_modules/npm/node_modules/bluebird/js/release/util.js:16:23)
106 verbose stack     at Promise._settlePromiseFromHandler (/usr/local/lib/node_modules/npm/node_modules/bluebird/js/release/promise.js:517:31)
106 verbose stack     at Promise._settlePromise (/usr/local/lib/node_modules/npm/node_modules/bluebird/js/release/promise.js:574:18)
106 verbose stack     at Promise._settlePromise0 (/usr/local/lib/node_modules/npm/node_modules/bluebird/js/release/promise.js:619:10)
106 verbose stack     at Promise._settlePromises (/usr/local/lib/node_modules/npm/node_modules/bluebird/js/release/promise.js:699:18)
106 verbose stack     at _drainQueueStep (/usr/local/lib/node_modules/npm/node_modules/bluebird/js/release/async.js:138:12)
106 verbose stack     at _drainQueue (/usr/local/lib/node_modules/npm/node_modules/bluebird/js/release/async.js:131:9)
106 verbose stack     at Async._drainQueues (/usr/local/lib/node_modules/npm/node_modules/bluebird/js/release/async.js:147:5)
106 verbose stack     at Immediate.Async.drainQueues [as _onImmediate] (/usr/local/lib/node_modules/npm/node_modules/bluebird/js/release/async.js:17:14)
106 verbose stack     at processImmediate (internal/timers.js:456:21)
107 verbose cwd /home/theia/.cache/typescript/3.6
108 verbose Linux 5.10.16.3-microsoft-standard-WSL2
109 verbose argv "/usr/local/bin/node" "/usr/local/bin/npm" "install" "--ignore-scripts" "@types/express@ts3.6" "@types/accepts@ts3.6" "@types/body-parser@ts3.6" "@types/bytes@ts3.6" "@types/call-bind@ts3.6" "@types/content-disposition@ts3.6" "@types/content-type@ts3.6" "@types/cookie@ts3.6" "@types/cookie-signature@ts3.6" "@types/debug@ts3.6" "@types/depd@ts3.6" "@types/destroy@ts3.6" "@types/ee-first@ts3.6" "@types/encodeurl@ts3.6" "@types/escape-html@ts3.6" "@types/etag@ts3.6" "@types/finalhandler@ts3.6" "@types/forwarded@ts3.6" "@types/fresh@ts3.6" "@types/function-bind@ts3.6" "@types/get-intrinsic@ts3.6" "@types/has@ts3.6" "@types/has-symbols@ts3.6" "@types/http-errors@ts3.6" "@types/inherits@ts3.6" "@types/media-typer@ts3.6" "@types/merge-descriptors@ts3.6" "@types/methods@ts3.6" "@types/mime@ts3.6" "@types/mime-db@ts3.6" "@types/mime-types@ts3.6" "@types/ms@ts3.6" "@types/negotiator@ts3.6" "@types/object-inspect@ts3.6" "@types/on-finished@ts3.6" "@types/parseurl@ts3.6" "@types/proxy-addr@ts3.6" "@types/qs@ts3.6" "@types/range-parser@ts3.6" "@types/safer-buffer@ts3.6" "@types/send@ts3.6" "@types/serve-static@ts3.6" "@types/statuses@ts3.6" "@types/type-is@ts3.6" "@types/utils-merge@ts3.6" "@types/vary@ts3.6" "--save-dev" "--user-agent=typesInstaller/3.6.3"
110 verbose node v12.18.3
111 verbose npm  v6.14.6
112 error code ETARGET
113 error notarget No matching version found for @types/call-bind@ts3.6.
114 error notarget In most cases you or one of your dependencies are requesting
114 error notarget a package version that doesn't exist.
115 verbose exit [ 1, true ]
