0 info it worked if it ends with ok
1 verbose cli [
1 verbose cli   '/usr/local/bin/node',
1 verbose cli   '/usr/local/bin/npm',
1 verbose cli   'install',
1 verbose cli   '--ignore-scripts',
1 verbose cli   '@types/express@ts3.6',
1 verbose cli   '@types/sqlite3@ts3.6',
1 verbose cli   '@types/abbrev@ts3.6',
1 verbose cli   '@types/accepts@ts3.6',
1 verbose cli   '@types/are-we-there-yet@ts3.6',
1 verbose cli   '@types/balanced-match@ts3.6',
1 verbose cli   '@types/body-parser@ts3.6',
1 verbose cli   '@types/brace-expansion@ts3.6',
1 verbose cli   '@types/bytes@ts3.6',
1 verbose cli   '@types/cacache@ts3.6',
1 verbose cli   '@types/call-bind@ts3.6',
1 verbose cli   '@types/chownr@ts3.6',
1 verbose cli   '@types/color-support@ts3.6',
1 verbose cli   '@types/concat-map@ts3.6',
1 verbose cli   '@types/content-disposition@ts3.6',
1 verbose cli   '@types/content-type@ts3.6',
1 verbose cli   '@types/cookie@ts3.6',
1 verbose cli   '@types/cookie-signature@ts3.6',
1 verbose cli   '@types/debug@ts3.6',
1 verbose cli   '@types/delegates@ts3.6',
1 verbose cli   '@types/depd@ts3.6',
1 verbose cli   '@types/destroy@ts3.6',
1 verbose cli   '@types/detect-libc@ts3.6',
1 verbose cli   '@types/ee-first@ts3.6',
1 verbose cli   '@types/encodeurl@ts3.6',
1 verbose cli   '@types/escape-html@ts3.6',
1 verbose cli   '@types/etag@ts3.6',
1 verbose cli   '@types/finalhandler@ts3.6',
1 verbose cli   '@types/forwarded@ts3.6',
1 verbose cli   '@types/fresh@ts3.6',
1 verbose cli   '@types/function-bind@ts3.6',
1 verbose cli   '@types/get-intrinsic@ts3.6',
1 verbose cli   '@types/glob@ts3.6',
1 verbose cli   '@types/graceful-fs@ts3.6',
1 verbose cli   '@types/has@ts3.6',
1 verbose cli   '@types/has-symbols@ts3.6',
1 verbose cli   '@types/http-cache-semantics@ts3.6',
1 verbose cli   '@types/http-errors@ts3.6',
1 verbose cli   '@types/humanize-ms@ts3.6',
1 verbose cli   '@types/imurmurhash@ts3.6',
1 verbose cli   '@types/inherits@ts3.6',
1 verbose cli   '@types/ip@ts3.6',
1 verbose cli   '@types/isexe@ts3.6',
1 verbose cli   '@types/make-fetch-happen@ts3.6',
1 verbose cli   '@types/media-typer@ts3.6',
1 verbose cli   '@types/merge-descriptors@ts3.6',
1 verbose cli   '@types/methods@ts3.6',
1 verbose cli   '@types/mime@ts3.6',
1 verbose cli   '@types/mime-db@ts3.6',
1 verbose cli   '@types/mime-types@ts3.6',
1 verbose cli   '@types/minimatch@ts3.6',
1 verbose cli   '@types/minipass@ts3.6',
1 verbose cli   '@types/minizlib@ts3.6',
1 verbose cli   '@types/mkdirp@ts3.6',
1 verbose cli   '@types/ms@ts3.6',
1 verbose cli   '@types/negotiator@ts3.6',
1 verbose cli   '@types/nopt@ts3.6',
1 verbose cli   '@types/npmlog@ts3.6',
1 verbose cli   '@types/object-assign@ts3.6',
1 verbose cli   '@types/object-inspect@ts3.6',
1 verbose cli   '@types/on-finished@ts3.6',
1 verbose cli   '@types/once@ts3.6',
1 verbose cli   '@types/parseurl@ts3.6',
1 verbose cli   '@types/path-is-absolute@ts3.6',
1 verbose cli   '@types/promise-inflight@ts3.6',
1 verbose cli   '@types/promise-retry@ts3.6',
1 verbose cli   '@types/proxy-addr@ts3.6',
1 verbose cli   '@types/qs@ts3.6',
1 verbose cli   '@types/range-parser@ts3.6',
1 verbose cli   '@types/readable-stream@ts3.6',
1 verbose cli   '@types/retry@ts3.6',
1 verbose cli   '@types/rimraf@ts3.6',
1 verbose cli   '@types/safer-buffer@ts3.6',
1 verbose cli   '@types/semver@ts3.6',
1 verbose cli   '@types/send@ts3.6',
1 verbose cli   '@types/serve-static@ts3.6',
1 verbose cli   '@types/signal-exit@ts3.6',
1 verbose cli   '@types/ssri@ts3.6',
1 verbose cli   '@types/statuses@ts3.6',
1 verbose cli   '@types/tar@ts3.6',
1 verbose cli   '@types/type-is@ts3.6',
1 verbose cli   '@types/util-deprecate@ts3.6',
1 verbose cli   '@types/utils-merge@ts3.6',
1 verbose cli   '@types/vary@ts3.6',
1 verbose cli   '@types/webidl-conversions@ts3.6',
1 verbose cli   '@types/whatwg-url@ts3.6',
1 verbose cli   '@types/which@ts3.6',
1 verbose cli   '@types/yallist@ts3.6',
1 verbose cli   '--save-dev',
1 verbose cli   '--user-agent=typesInstaller/3.6.3'
1 verbose cli ]
2 info using npm@6.14.6
3 info using node@v12.18.3
4 verbose npm-session fb9a416599f48298
5 silly install loadCurrentTree
6 silly install readLocalPackageData
7 http fetch GET 304 https://registry.npmjs.org/@types%2faccepts 553ms (from cache)
8 http fetch GET 304 https://registry.npmjs.org/@types%2fexpress 559ms (from cache)
9 http fetch GET 304 https://registry.npmjs.org/@types%2fbalanced-match 555ms (from cache)
10 silly pacote tag manifest for @types/accepts@ts3.6 fetched in 559ms
11 silly pacote tag manifest for @types/express@ts3.6 fetched in 568ms
12 silly pacote tag manifest for @types/balanced-match@ts3.6 fetched in 565ms
13 http fetch GET 304 https://registry.npmjs.org/@types%2fbrace-expansion 571ms (from cache)
14 silly pacote tag manifest for @types/brace-expansion@ts3.6 fetched in 576ms
15 http fetch GET 304 https://registry.npmjs.org/@types%2fcacache 581ms (from cache)
16 silly pacote tag manifest for @types/cacache@ts3.6 fetched in 584ms
17 http fetch GET 304 https://registry.npmjs.org/@types%2fbytes 589ms (from cache)
18 silly pacote tag manifest for @types/bytes@ts3.6 fetched in 591ms
19 http fetch GET 304 https://registry.npmjs.org/@types%2fchownr 118ms (from cache)
20 silly pacote tag manifest for @types/chownr@ts3.6 fetched in 121ms
21 http fetch GET 304 https://registry.npmjs.org/@types%2fcall-bind 125ms (from cache)
22 silly registry:manifest no matching version for @types/call-bind@ts3.6 in the cache. Forcing revalidation.
23 http fetch GET 304 https://registry.npmjs.org/@types%2fconcat-map 193ms (from cache)
24 silly pacote tag manifest for @types/concat-map@ts3.6 fetched in 195ms
25 http fetch GET 304 https://registry.npmjs.org/@types%2fcontent-type 217ms (from cache)
26 silly pacote tag manifest for @types/content-type@ts3.6 fetched in 219ms
27 http fetch GET 200 https://registry.npmjs.org/@types%2fcall-bind 148ms
28 silly fetchPackageMetaData error for @types/call-bind@ts3.6 No matching version found for @types/call-bind@ts3.6.
29 http fetch GET 304 https://registry.npmjs.org/@types%2fcontent-disposition 252ms (from cache)
30 silly pacote tag manifest for @types/content-disposition@ts3.6 fetched in 254ms
31 http fetch GET 304 https://registry.npmjs.org/@types%2fcookie 161ms (from cache)
32 silly pacote tag manifest for @types/cookie@ts3.6 fetched in 164ms
33 http fetch GET 304 https://registry.npmjs.org/@types%2fcookie-signature 89ms (from cache)
34 silly pacote tag manifest for @types/cookie-signature@ts3.6 fetched in 90ms
35 http fetch GET 304 https://registry.npmjs.org/@types%2fdebug 158ms (from cache)
36 silly pacote tag manifest for @types/debug@ts3.6 fetched in 161ms
37 http fetch GET 304 https://registry.npmjs.org/@types%2fdepd 153ms (from cache)
38 silly pacote tag manifest for @types/depd@ts3.6 fetched in 155ms
39 http fetch GET 304 https://registry.npmjs.org/@types%2fdestroy 184ms (from cache)
40 silly pacote tag manifest for @types/destroy@ts3.6 fetched in 186ms
41 http fetch GET 304 https://registry.npmjs.org/@types%2fee-first 159ms (from cache)
42 http fetch GET 304 https://registry.npmjs.org/@types%2fencodeurl 140ms (from cache)
43 silly pacote tag manifest for @types/ee-first@ts3.6 fetched in 162ms
44 silly pacote tag manifest for @types/encodeurl@ts3.6 fetched in 144ms
45 http fetch GET 304 https://registry.npmjs.org/@types%2fescape-html 146ms (from cache)
46 silly pacote tag manifest for @types/escape-html@ts3.6 fetched in 149ms
47 http fetch GET 304 https://registry.npmjs.org/@types%2fetag 108ms (from cache)
48 silly pacote tag manifest for @types/etag@ts3.6 fetched in 109ms
49 http fetch GET 304 https://registry.npmjs.org/@types%2ffinalhandler 126ms (from cache)
50 silly pacote tag manifest for @types/finalhandler@ts3.6 fetched in 128ms
51 http fetch GET 304 https://registry.npmjs.org/@types%2fforwarded 108ms (from cache)
52 silly pacote tag manifest for @types/forwarded@ts3.6 fetched in 110ms
53 http fetch GET 304 https://registry.npmjs.org/@types%2ffresh 122ms (from cache)
54 silly pacote tag manifest for @types/fresh@ts3.6 fetched in 124ms
55 http fetch GET 304 https://registry.npmjs.org/@types%2ffunction-bind 123ms (from cache)
56 http fetch GET 304 https://registry.npmjs.org/@types%2fget-intrinsic 103ms (from cache)
57 silly registry:manifest no matching version for @types/get-intrinsic@ts3.6 in the cache. Forcing revalidation.
58 silly pacote tag manifest for @types/function-bind@ts3.6 fetched in 126ms
59 http fetch GET 304 https://registry.npmjs.org/@types%2fbody-parser 1502ms (from cache)
60 silly pacote tag manifest for @types/body-parser@ts3.6 fetched in 1511ms
61 http fetch GET 200 https://registry.npmjs.org/@types%2fget-intrinsic 130ms
62 silly fetchPackageMetaData error for @types/get-intrinsic@ts3.6 No matching version found for @types/get-intrinsic@ts3.6.
63 http fetch GET 304 https://registry.npmjs.org/@types%2fglob 152ms (from cache)
64 silly pacote tag manifest for @types/glob@ts3.6 fetched in 155ms
65 http fetch GET 304 https://registry.npmjs.org/@types%2fgraceful-fs 157ms (from cache)
66 silly pacote tag manifest for @types/graceful-fs@ts3.6 fetched in 160ms
67 http fetch GET 304 https://registry.npmjs.org/@types%2fhas 147ms (from cache)
68 silly pacote tag manifest for @types/has@ts3.6 fetched in 150ms
69 http fetch GET 304 https://registry.npmjs.org/@types%2fhas-symbols 163ms (from cache)
70 http fetch GET 304 https://registry.npmjs.org/@types%2fhttp-errors 135ms (from cache)
71 silly pacote tag manifest for @types/has-symbols@ts3.6 fetched in 167ms
72 silly pacote tag manifest for @types/http-errors@ts3.6 fetched in 139ms
73 http fetch GET 304 https://registry.npmjs.org/@types%2fhttp-cache-semantics 232ms (from cache)
74 silly pacote tag manifest for @types/http-cache-semantics@ts3.6 fetched in 234ms
75 http fetch GET 304 https://registry.npmjs.org/@types%2fimurmurhash 123ms (from cache)
76 silly pacote tag manifest for @types/imurmurhash@ts3.6 fetched in 128ms
77 http fetch GET 304 https://registry.npmjs.org/@types%2finherits 149ms (from cache)
78 silly pacote tag manifest for @types/inherits@ts3.6 fetched in 151ms
79 http fetch GET 304 https://registry.npmjs.org/@types%2fip 122ms (from cache)
80 silly pacote tag manifest for @types/ip@ts3.6 fetched in 125ms
81 http fetch GET 304 https://registry.npmjs.org/@types%2fisexe 121ms (from cache)
82 silly pacote tag manifest for @types/isexe@ts3.6 fetched in 127ms
83 http fetch GET 200 https://registry.npmjs.org/@types%2fdelegates 1121ms
84 silly fetchPackageMetaData error for @types/delegates@ts3.6 No matching version found for @types/delegates@ts3.6.
85 http fetch GET 304 https://registry.npmjs.org/@types%2fmedia-typer 150ms (from cache)
86 silly pacote tag manifest for @types/media-typer@ts3.6 fetched in 153ms
87 http fetch GET 304 https://registry.npmjs.org/@types%2fmethods 133ms (from cache)
88 silly pacote tag manifest for @types/methods@ts3.6 fetched in 135ms
89 http fetch GET 304 https://registry.npmjs.org/@types%2fmime 112ms (from cache)
90 silly pacote tag manifest for @types/mime@ts3.6 fetched in 115ms
91 http fetch GET 304 https://registry.npmjs.org/@types%2fmerge-descriptors 252ms (from cache)
92 silly pacote tag manifest for @types/merge-descriptors@ts3.6 fetched in 255ms
93 http fetch GET 304 https://registry.npmjs.org/@types%2fabbrev 2232ms (from cache)
94 silly pacote tag manifest for @types/abbrev@ts3.6 fetched in 2234ms
95 http fetch GET 304 https://registry.npmjs.org/@types%2fare-we-there-yet 2278ms (from cache)
96 http fetch GET 304 https://registry.npmjs.org/@types%2fmime-types 121ms (from cache)
97 silly pacote tag manifest for @types/are-we-there-yet@ts3.6 fetched in 2281ms
98 silly pacote tag manifest for @types/mime-types@ts3.6 fetched in 123ms
99 http fetch GET 304 https://registry.npmjs.org/@types%2fminimatch 138ms (from cache)
100 silly pacote tag manifest for @types/minimatch@ts3.6 fetched in 140ms
101 http fetch GET 304 https://registry.npmjs.org/@types%2fminipass 120ms (from cache)
102 silly pacote tag manifest for @types/minipass@ts3.6 fetched in 123ms
103 http fetch GET 304 https://registry.npmjs.org/@types%2fsqlite3 2373ms (from cache)
104 silly pacote tag manifest for @types/sqlite3@ts3.6 fetched in 2374ms
105 http fetch GET 304 https://registry.npmjs.org/@types%2fminizlib 92ms (from cache)
106 silly pacote tag manifest for @types/minizlib@ts3.6 fetched in 94ms
107 http fetch GET 304 https://registry.npmjs.org/@types%2fmkdirp 103ms (from cache)
108 silly pacote tag manifest for @types/mkdirp@ts3.6 fetched in 104ms
109 http fetch GET 304 https://registry.npmjs.org/@types%2fms 133ms (from cache)
110 silly pacote tag manifest for @types/ms@ts3.6 fetched in 136ms
111 http fetch GET 304 https://registry.npmjs.org/@types%2fcolor-support 1949ms (from cache)
112 silly pacote tag manifest for @types/color-support@ts3.6 fetched in 1950ms
113 http fetch GET 304 https://registry.npmjs.org/@types%2fobject-assign 189ms (from cache)
114 silly pacote tag manifest for @types/object-assign@ts3.6 fetched in 192ms
115 http fetch GET 304 https://registry.npmjs.org/@types%2fnpmlog 222ms (from cache)
116 silly pacote tag manifest for @types/npmlog@ts3.6 fetched in 223ms
117 http fetch GET 304 https://registry.npmjs.org/@types%2fobject-inspect 138ms (from cache)
118 silly pacote tag manifest for @types/object-inspect@ts3.6 fetched in 141ms
119 http fetch GET 304 https://registry.npmjs.org/@types%2fonce 139ms (from cache)
120 silly pacote tag manifest for @types/once@ts3.6 fetched in 142ms
121 http fetch GET 304 https://registry.npmjs.org/@types%2fparseurl 127ms (from cache)
122 silly pacote tag manifest for @types/parseurl@ts3.6 fetched in 130ms
123 http fetch GET 304 https://registry.npmjs.org/@types%2fpath-is-absolute 111ms (from cache)
124 silly pacote tag manifest for @types/path-is-absolute@ts3.6 fetched in 112ms
125 http fetch GET 304 https://registry.npmjs.org/@types%2fdetect-libc 1886ms (from cache)
126 http fetch GET 304 https://registry.npmjs.org/@types%2fon-finished 233ms (from cache)
127 silly pacote tag manifest for @types/detect-libc@ts3.6 fetched in 1887ms
128 silly pacote tag manifest for @types/on-finished@ts3.6 fetched in 237ms
129 http fetch GET 304 https://registry.npmjs.org/@types%2fqs 102ms (from cache)
130 silly pacote tag manifest for @types/qs@ts3.6 fetched in 105ms
131 http fetch GET 304 https://registry.npmjs.org/@types%2frange-parser 120ms (from cache)
132 silly pacote tag manifest for @types/range-parser@ts3.6 fetched in 122ms
133 http fetch GET 304 https://registry.npmjs.org/@types%2fpromise-retry 193ms (from cache)
134 silly pacote tag manifest for @types/promise-retry@ts3.6 fetched in 196ms
135 http fetch GET 304 https://registry.npmjs.org/@types%2fproxy-addr 218ms (from cache)
136 silly pacote tag manifest for @types/proxy-addr@ts3.6 fetched in 220ms
137 http fetch GET 304 https://registry.npmjs.org/@types%2freadable-stream 141ms (from cache)
138 silly pacote tag manifest for @types/readable-stream@ts3.6 fetched in 142ms
139 http fetch GET 304 https://registry.npmjs.org/@types%2frimraf 105ms (from cache)
140 silly pacote tag manifest for @types/rimraf@ts3.6 fetched in 108ms
141 http fetch GET 304 https://registry.npmjs.org/@types%2fretry 170ms (from cache)
142 silly pacote tag manifest for @types/retry@ts3.6 fetched in 171ms
143 http fetch GET 304 https://registry.npmjs.org/@types%2fsafer-buffer 97ms (from cache)
144 silly pacote tag manifest for @types/safer-buffer@ts3.6 fetched in 99ms
145 http fetch GET 304 https://registry.npmjs.org/@types%2fsemver 92ms (from cache)
146 silly pacote tag manifest for @types/semver@ts3.6 fetched in 95ms
147 http fetch GET 304 https://registry.npmjs.org/@types%2fmime-db 1067ms (from cache)
148 silly pacote tag manifest for @types/mime-db@ts3.6 fetched in 1069ms
149 http fetch GET 304 https://registry.npmjs.org/@types%2fserve-static 202ms (from cache)
150 silly pacote tag manifest for @types/serve-static@ts3.6 fetched in 207ms
151 http fetch GET 304 https://registry.npmjs.org/@types%2fsignal-exit 205ms (from cache)
152 silly pacote tag manifest for @types/signal-exit@ts3.6 fetched in 207ms
153 http fetch GET 304 https://registry.npmjs.org/@types%2fssri 191ms (from cache)
154 silly pacote tag manifest for @types/ssri@ts3.6 fetched in 193ms
155 http fetch GET 304 https://registry.npmjs.org/@types%2ftar 125ms (from cache)
156 silly pacote tag manifest for @types/tar@ts3.6 fetched in 129ms
157 http fetch GET 304 https://registry.npmjs.org/@types%2fstatuses 237ms (from cache)
158 silly pacote tag manifest for @types/statuses@ts3.6 fetched in 240ms
159 http fetch GET 304 https://registry.npmjs.org/@types%2ftype-is 188ms (from cache)
160 silly pacote tag manifest for @types/type-is@ts3.6 fetched in 191ms
161 http fetch GET 304 https://registry.npmjs.org/@types%2fwebidl-conversions 121ms (from cache)
162 silly pacote tag manifest for @types/webidl-conversions@ts3.6 fetched in 123ms
163 http fetch GET 304 https://registry.npmjs.org/@types%2fhumanize-ms 1934ms (from cache)
164 silly pacote tag manifest for @types/humanize-ms@ts3.6 fetched in 1935ms
165 http fetch GET 304 https://registry.npmjs.org/@types%2fvary 259ms (from cache)
166 silly pacote tag manifest for @types/vary@ts3.6 fetched in 262ms
167 http fetch GET 304 https://registry.npmjs.org/@types%2fmake-fetch-happen 1843ms (from cache)
168 http fetch GET 304 https://registry.npmjs.org/@types%2fwhatwg-url 113ms (from cache)
169 silly pacote tag manifest for @types/make-fetch-happen@ts3.6 fetched in 1845ms
170 silly pacote tag manifest for @types/whatwg-url@ts3.6 fetched in 115ms
171 http fetch GET 304 https://registry.npmjs.org/@types%2fyallist 121ms (from cache)
172 silly pacote tag manifest for @types/yallist@ts3.6 fetched in 123ms
173 http fetch GET 304 https://registry.npmjs.org/@types%2fnegotiator 2092ms (from cache)
174 http fetch GET 304 https://registry.npmjs.org/@types%2fnopt 2077ms (from cache)
175 silly pacote tag manifest for @types/negotiator@ts3.6 fetched in 2094ms
176 silly pacote tag manifest for @types/nopt@ts3.6 fetched in 2079ms
177 http fetch GET 304 https://registry.npmjs.org/@types%2fpromise-inflight 1914ms (from cache)
178 silly pacote tag manifest for @types/promise-inflight@ts3.6 fetched in 1917ms
179 http fetch GET 304 https://registry.npmjs.org/@types%2fwhich 1164ms (from cache)
180 silly pacote tag manifest for @types/which@ts3.6 fetched in 1167ms
181 http fetch GET 304 https://registry.npmjs.org/@types%2fsend 1983ms (from cache)
182 silly pacote tag manifest for @types/send@ts3.6 fetched in 1987ms
183 http fetch GET 304 https://registry.npmjs.org/@types%2futil-deprecate 1930ms (from cache)
184 silly pacote tag manifest for @types/util-deprecate@ts3.6 fetched in 1933ms
185 http fetch GET 304 https://registry.npmjs.org/@types%2futils-merge 1910ms (from cache)
186 silly pacote tag manifest for @types/utils-merge@ts3.6 fetched in 1913ms
187 timing stage:rollbackFailedOptional Completed in 1ms
188 timing stage:runTopLevelLifecycles Completed in 5472ms
189 verbose type tag
190 verbose stack @types/call-bind: No matching version found for @types/call-bind@ts3.6.
190 verbose stack     at pickManifest (/usr/local/lib/node_modules/npm/node_modules/npm-pick-manifest/index.js:122:13)
190 verbose stack     at /usr/local/lib/node_modules/npm/node_modules/pacote/lib/fetchers/registry/manifest.js:43:18
190 verbose stack     at tryCatcher (/usr/local/lib/node_modules/npm/node_modules/bluebird/js/release/util.js:16:23)
190 verbose stack     at Promise._settlePromiseFromHandler (/usr/local/lib/node_modules/npm/node_modules/bluebird/js/release/promise.js:517:31)
190 verbose stack     at Promise._settlePromise (/usr/local/lib/node_modules/npm/node_modules/bluebird/js/release/promise.js:574:18)
190 verbose stack     at Promise._settlePromise0 (/usr/local/lib/node_modules/npm/node_modules/bluebird/js/release/promise.js:619:10)
190 verbose stack     at Promise._settlePromises (/usr/local/lib/node_modules/npm/node_modules/bluebird/js/release/promise.js:699:18)
190 verbose stack     at _drainQueueStep (/usr/local/lib/node_modules/npm/node_modules/bluebird/js/release/async.js:138:12)
190 verbose stack     at _drainQueue (/usr/local/lib/node_modules/npm/node_modules/bluebird/js/release/async.js:131:9)
190 verbose stack     at Async._drainQueues (/usr/local/lib/node_modules/npm/node_modules/bluebird/js/release/async.js:147:5)
190 verbose stack     at Immediate.Async.drainQueues [as _onImmediate] (/usr/local/lib/node_modules/npm/node_modules/bluebird/js/release/async.js:17:14)
190 verbose stack     at processImmediate (internal/timers.js:456:21)
191 verbose cwd /home/theia/.cache/typescript/3.6
192 verbose Linux 5.10.16.3-microsoft-standard-WSL2
193 verbose argv "/usr/local/bin/node" "/usr/local/bin/npm" "install" "--ignore-scripts" "@types/express@ts3.6" "@types/sqlite3@ts3.6" "@types/abbrev@ts3.6" "@types/accepts@ts3.6" "@types/are-we-there-yet@ts3.6" "@types/balanced-match@ts3.6" "@types/body-parser@ts3.6" "@types/brace-expansion@ts3.6" "@types/bytes@ts3.6" "@types/cacache@ts3.6" "@types/call-bind@ts3.6" "@types/chownr@ts3.6" "@types/color-support@ts3.6" "@types/concat-map@ts3.6" "@types/content-disposition@ts3.6" "@types/content-type@ts3.6" "@types/cookie@ts3.6" "@types/cookie-signature@ts3.6" "@types/debug@ts3.6" "@types/delegates@ts3.6" "@types/depd@ts3.6" "@types/destroy@ts3.6" "@types/detect-libc@ts3.6" "@types/ee-first@ts3.6" "@types/encodeurl@ts3.6" "@types/escape-html@ts3.6" "@types/etag@ts3.6" "@types/finalhandler@ts3.6" "@types/forwarded@ts3.6" "@types/fresh@ts3.6" "@types/function-bind@ts3.6" "@types/get-intrinsic@ts3.6" "@types/glob@ts3.6" "@types/graceful-fs@ts3.6" "@types/has@ts3.6" "@types/has-symbols@ts3.6" "@types/http-cache-semantics@ts3.6" "@types/http-errors@ts3.6" "@types/humanize-ms@ts3.6" "@types/imurmurhash@ts3.6" "@types/inherits@ts3.6" "@types/ip@ts3.6" "@types/isexe@ts3.6" "@types/make-fetch-happen@ts3.6" "@types/media-typer@ts3.6" "@types/merge-descriptors@ts3.6" "@types/methods@ts3.6" "@types/mime@ts3.6" "@types/mime-db@ts3.6" "@types/mime-types@ts3.6" "@types/minimatch@ts3.6" "@types/minipass@ts3.6" "@types/minizlib@ts3.6" "@types/mkdirp@ts3.6" "@types/ms@ts3.6" "@types/negotiator@ts3.6" "@types/nopt@ts3.6" "@types/npmlog@ts3.6" "@types/object-assign@ts3.6" "@types/object-inspect@ts3.6" "@types/on-finished@ts3.6" "@types/once@ts3.6" "@types/parseurl@ts3.6" "@types/path-is-absolute@ts3.6" "@types/promise-inflight@ts3.6" "@types/promise-retry@ts3.6" "@types/proxy-addr@ts3.6" "@types/qs@ts3.6" "@types/range-parser@ts3.6" "@types/readable-stream@ts3.6" "@types/retry@ts3.6" "@types/rimraf@ts3.6" "@types/safer-buffer@ts3.6" "@types/semver@ts3.6" "@types/send@ts3.6" "@types/serve-static@ts3.6" "@types/signal-exit@ts3.6" "@types/ssri@ts3.6" "@types/statuses@ts3.6" "@types/tar@ts3.6" "@types/type-is@ts3.6" "@types/util-deprecate@ts3.6" "@types/utils-merge@ts3.6" "@types/vary@ts3.6" "@types/webidl-conversions@ts3.6" "@types/whatwg-url@ts3.6" "@types/which@ts3.6" "@types/yallist@ts3.6" "--save-dev" "--user-agent=typesInstaller/3.6.3"
194 verbose node v12.18.3
195 verbose npm  v6.14.6
196 error code ETARGET
197 error notarget No matching version found for @types/call-bind@ts3.6.
198 error notarget In most cases you or one of your dependencies are requesting
198 error notarget a package version that doesn't exist.
199 verbose exit [ 1, true ]
